<?xml version="1.0" encoding="UTF-8"?>
<!-- Generated by org.testng.reporters.JUnitReportReporter -->
<testsuite skipped="3" hostname="W109NC46Y2" name="com.example.tests.E2E_test_Flipkart_Grid" tests="6" failures="0" timestamp="23 Jul 2020 21:35:15 GMT" time="0.000" errors="3">
  <testcase name="flipkartLogin" time="0.000" classname="com.example.tests.E2E_test_Flipkart_Grid">
    <skipped/>
  </testcase> <!-- flipkartLogin -->
  <testcase name="setUp" time="0.000" classname="com.example.tests.E2E_test_Flipkart_Grid">
    <error type="org.testng.TestNGException" message="
Parameter &#039;appURL&#039; is required by BeforeMethod on method setUp but has not been marked @Optional or defined
in C:\workspace\FlipkartFramework\Grid.xml">
      <![CDATA[org.testng.TestNGException: 
Parameter 'appURL' is required by BeforeMethod on method setUp but has not been marked @Optional or defined
in C:\workspace\FlipkartFramework\Grid.xml
at org.testng.internal.Parameters.createParams(Parameters.java:290)
at org.testng.internal.Parameters.createParametersForMethod(Parameters.java:359)
at org.testng.internal.Parameters.createParameters(Parameters.java:620)
at org.testng.internal.Parameters.createConfigurationParameters(Parameters.java:190)
at org.testng.internal.Invoker.invokeConfigurations(Invoker.java:209)
at org.testng.internal.Invoker.invokeMethod(Invoker.java:523)
at org.testng.internal.Invoker.invokeTestMethod(Invoker.java:719)
at org.testng.internal.Invoker.invokeTestMethods(Invoker.java:989)
at org.testng.internal.TestMethodWorker.invokeTestMethods(TestMethodWorker.java:125)
at org.testng.internal.TestMethodWorker.run(TestMethodWorker.java:109)
at org.testng.TestRunner.privateRun(TestRunner.java:648)
at org.testng.TestRunner.run(TestRunner.java:505)
at org.testng.SuiteRunner.runTest(SuiteRunner.java:455)
at org.testng.SuiteRunner.access$000(SuiteRunner.java:40)
at org.testng.SuiteRunner$SuiteWorker.run(SuiteRunner.java:489)
at org.testng.internal.thread.ThreadUtil$1.call(ThreadUtil.java:52)
at java.util.concurrent.FutureTask.run(Unknown Source)
at java.util.concurrent.ThreadPoolExecutor.runWorker(Unknown Source)
at java.util.concurrent.ThreadPoolExecutor$Worker.run(Unknown Source)
at java.lang.Thread.run(Unknown Source)
]]>
    </error>
  </testcase> <!-- setUp -->
  <testcase name="setUp" time="0.000" classname="com.example.tests.E2E_test_Flipkart_Grid">
    <error type="org.testng.TestNGException" message="
Parameter &#039;appURL&#039; is required by BeforeMethod on method setUp but has not been marked @Optional or defined
in C:\workspace\FlipkartFramework\Grid.xml">
      <![CDATA[org.testng.TestNGException: 
Parameter 'appURL' is required by BeforeMethod on method setUp but has not been marked @Optional or defined
in C:\workspace\FlipkartFramework\Grid.xml
at org.testng.internal.Parameters.createParams(Parameters.java:290)
at org.testng.internal.Parameters.createParametersForMethod(Parameters.java:359)
at org.testng.internal.Parameters.createParameters(Parameters.java:620)
at org.testng.internal.Parameters.createConfigurationParameters(Parameters.java:190)
at org.testng.internal.Invoker.invokeConfigurations(Invoker.java:209)
at org.testng.internal.Invoker.invokeMethod(Invoker.java:523)
at org.testng.internal.Invoker.invokeTestMethod(Invoker.java:719)
at org.testng.internal.Invoker.invokeTestMethods(Invoker.java:989)
at org.testng.internal.TestMethodWorker.invokeTestMethods(TestMethodWorker.java:125)
at org.testng.internal.TestMethodWorker.run(TestMethodWorker.java:109)
at org.testng.TestRunner.privateRun(TestRunner.java:648)
at org.testng.TestRunner.run(TestRunner.java:505)
at org.testng.SuiteRunner.runTest(SuiteRunner.java:455)
at org.testng.SuiteRunner.access$000(SuiteRunner.java:40)
at org.testng.SuiteRunner$SuiteWorker.run(SuiteRunner.java:489)
at org.testng.internal.thread.ThreadUtil$1.call(ThreadUtil.java:52)
at java.util.concurrent.FutureTask.run(Unknown Source)
at java.util.concurrent.ThreadPoolExecutor.runWorker(Unknown Source)
at java.util.concurrent.ThreadPoolExecutor$Worker.run(Unknown Source)
at java.lang.Thread.run(Unknown Source)
]]>
    </error>
  </testcase> <!-- setUp -->
  <testcase name="flipkartLogin" time="0.000" classname="com.example.tests.E2E_test_Flipkart_Grid">
    <skipped/>
  </testcase> <!-- flipkartLogin -->
  <testcase name="setUp" time="0.000" classname="com.example.tests.E2E_test_Flipkart_Grid">
    <error type="org.testng.TestNGException" message="
Parameter &#039;appURL&#039; is required by BeforeMethod on method setUp but has not been marked @Optional or defined
in C:\workspace\FlipkartFramework\Grid.xml">
      <![CDATA[org.testng.TestNGException: 
Parameter 'appURL' is required by BeforeMethod on method setUp but has not been marked @Optional or defined
in C:\workspace\FlipkartFramework\Grid.xml
at org.testng.internal.Parameters.createParams(Parameters.java:290)
at org.testng.internal.Parameters.createParametersForMethod(Parameters.java:359)
at org.testng.internal.Parameters.createParameters(Parameters.java:620)
at org.testng.internal.Parameters.createConfigurationParameters(Parameters.java:190)
at org.testng.internal.Invoker.invokeConfigurations(Invoker.java:209)
at org.testng.internal.Invoker.invokeMethod(Invoker.java:523)
at org.testng.internal.Invoker.invokeTestMethod(Invoker.java:719)
at org.testng.internal.Invoker.invokeTestMethods(Invoker.java:989)
at org.testng.internal.TestMethodWorker.invokeTestMethods(TestMethodWorker.java:125)
at org.testng.internal.TestMethodWorker.run(TestMethodWorker.java:109)
at org.testng.TestRunner.privateRun(TestRunner.java:648)
at org.testng.TestRunner.run(TestRunner.java:505)
at org.testng.SuiteRunner.runTest(SuiteRunner.java:455)
at org.testng.SuiteRunner.access$000(SuiteRunner.java:40)
at org.testng.SuiteRunner$SuiteWorker.run(SuiteRunner.java:489)
at org.testng.internal.thread.ThreadUtil$1.call(ThreadUtil.java:52)
at java.util.concurrent.FutureTask.run(Unknown Source)
at java.util.concurrent.ThreadPoolExecutor.runWorker(Unknown Source)
at java.util.concurrent.ThreadPoolExecutor$Worker.run(Unknown Source)
at java.lang.Thread.run(Unknown Source)
]]>
    </error>
  </testcase> <!-- setUp -->
  <testcase name="flipkartLogin" time="0.000" classname="com.example.tests.E2E_test_Flipkart_Grid">
    <skipped/>
  </testcase> <!-- flipkartLogin -->
</testsuite> <!-- com.example.tests.E2E_test_Flipkart_Grid -->
